<?xml version="1.0" encoding="UTF-8"?>
<!-- Generated by org.testng.reporters.JUnitReportReporter -->
<testsuite skipped="0" hostname="Richas-MacBook-Pro.local" name="com.OrangeHR.Application.TestScenario" tests="2" failures="0" timestamp="29 Nov 2018 03:52:06 GMT" time="3.206" errors="0">
  <testcase name="verifyValidLogin" time="1.361" classname="com.OrangeHR.Application.TestScenario"/>
  <testcase name="verifyDirectotyTab" time="1.845" classname="com.OrangeHR.Application.TestScenario"/>
</testsuite> <!-- com.OrangeHR.Application.TestScenario -->
