<?xml version="1.0" encoding="UTF-8"?>
<!-- Generated by org.testng.reporters.JUnitReportReporter -->
<testsuite skipped="0" hostname="Richas-MacBook-Pro.local" name="Test_Nov10.TestngBasics" tests="3" failures="0" timestamp="17 Nov 2018 15:31:14 GMT" time="0.019" errors="0">
  <testcase name="TestMethod1" time="0.011" classname="Test_Nov10.TestngBasics"/>
  <testcase name="TestMethod2" time="0.005" classname="Test_Nov10.TestngBasics"/>
  <testcase name="TestMethod3" time="0.003" classname="Test_Nov10.TestngBasics"/>
</testsuite> <!-- Test_Nov10.TestngBasics -->
