<?xml version="1.0" encoding="UTF-8"?>
<!-- Generated by org.testng.reporters.JUnitReportReporter -->
<testsuite skipped="0" hostname="Richas-MacBook-Pro.local" name="com.OrangeHR.Application.TestListeners" tests="3" failures="0" timestamp="29 Nov 2018 03:55:55 GMT" time="0.010" errors="0">
  <testcase name="TestMethod1" time="0.008" classname="com.OrangeHR.Application.TestListeners"/>
  <testcase name="TestMethod2" time="0.001" classname="com.OrangeHR.Application.TestListeners"/>
  <testcase name="TestMethod3" time="0.001" classname="com.OrangeHR.Application.TestListeners"/>
</testsuite> <!-- com.OrangeHR.Application.TestListeners -->
